<?xml version="1.0" encoding="UTF-8"?>
<testsuite name="com.quality.tester.thread.InvalidMoveTest" time="0.001" tests="7" errors="5" skipped="0" failures="1">
  <properties>
[...]
</properties>
  <testcase name="testMoveWithNegativeSteps" classname="com.quality.tester.thread.InvalidMoveTest" time="0">
    <failure message="arrays first differed at element [0]; expected:&lt;2&gt; but was:&lt;0&gt;" type="org.junit.internal.ArrayComparisonFailure"><![CDATA[org.junit.internal.ArrayComparisonFailure: arrays first differed at element [0]; expected:<2> but was:<0>
	at org.junit.internal.ComparisonCriteria.arrayEquals(ComparisonCriteria.java:50)
	at org.junit.Assert.internalArrayEquals(Assert.java:473)
	at org.junit.Assert.assertArrayEquals(Assert.java:369)
	at org.junit.Assert.assertArrayEquals(Assert.java:380)
	at com.quality.tester.thread.InvalidMoveTest.testMoveWithNegativeSteps(InvalidMoveTest.java:65)
]]></failure>
  </testcase>
  <testcase name="testMoveZeroSteps" classname="com.quality.tester.thread.InvalidMoveTest" time="0">
    <error message="Cannot load from int array because &quot;robotPosition&quot; is null" type="java.lang.NullPointerException">java.lang.NullPointerException: Cannot load from int array because "robotPosition" is null
	at com.quality.tester.thread.Robot.move(Robot.java:72)
	at com.quality.tester.thread.InvalidMoveTest.testMoveZeroSteps(InvalidMoveTest.java:22)
</error>
  </testcase>
  <testcase name="testMoveWithEmptyCommand" classname="com.quality.tester.thread.InvalidMoveTest" time="0">
    <error message="Index 1 out of bounds for length 1" type="java.lang.ArrayIndexOutOfBoundsException">java.lang.ArrayIndexOutOfBoundsException: Index 1 out of bounds for length 1
	at com.quality.tester.thread.Robot.move(Robot.java:74)
	at com.quality.tester.thread.InvalidMoveTest.testMoveWithEmptyCommand(InvalidMoveTest.java:86)
</error>
  </testcase>
  <testcase name="testMoveOutsideGrid" classname="com.quality.tester.thread.InvalidMoveTest" time="0">
    <error message="Cannot load from int array because &quot;robotPosition&quot; is null" type="java.lang.NullPointerException">java.lang.NullPointerException: Cannot load from int array because "robotPosition" is null
	at com.quality.tester.thread.Robot.move(Robot.java:72)
	at com.quality.tester.thread.InvalidMoveTest.testMoveOutsideGrid(InvalidMoveTest.java:30)
</error>
  </testcase>
  <testcase name="testMoveWithNullPenPosition" classname="com.quality.tester.thread.InvalidMoveTest" time="0.001">
    <error message="Cannot invoke &quot;String.equals(Object)&quot; because &quot;penDirection&quot; is null" type="java.lang.NullPointerException">java.lang.NullPointerException: Cannot invoke "String.equals(Object)" because "penDirection" is null
	at com.quality.tester.thread.Robot.trackRobot(Robot.java:43)
	at com.quality.tester.thread.Robot.move(Robot.java:107)
	at com.quality.tester.thread.InvalidMoveTest.testMoveWithNullPenPosition(InvalidMoveTest.java:52)
</error>
  </testcase>
  <testcase name="testMoveWithInvalidPenPosition" classname="com.quality.tester.thread.InvalidMoveTest" time="0"/>
  <testcase name="testMoveWithNonNumericSteps" classname="com.quality.tester.thread.InvalidMoveTest" time="0">
    <error message="For input string: &quot;ABC&quot;" type="java.lang.NumberFormatException">java.lang.NumberFormatException: For input string: "ABC"
	at java.base/java.lang.NumberFormatException.forInputString(NumberFormatException.java:67)
	at java.base/java.lang.Integer.parseInt(Integer.java:665)
	at java.base/java.lang.Integer.parseInt(Integer.java:781)
	at com.quality.tester.thread.Robot.move(Robot.java:74)
	at com.quality.tester.thread.InvalidMoveTest.testMoveWithNonNumericSteps(InvalidMoveTest.java:75)
</error>
  </testcase>
</testsuite>