<?xml version="1.0" encoding="UTF-8"?>
<testsuite name="com.quality.tester.thread.InvalidMoveTest" time="0.001" tests="7" errors="5" skipped="0" failures="1">
  <properties>
    <property name="jansi.mode" value="force"/>
    <property name="java.runtime.name" value="Java(TM) SE Runtime Environment"/>
    <property name="java.vm.version" value="19.0.2+7-44"/>
    <property name="sun.boot.library.path" value="C:\Program Files\Java\jdk-19\bin"/>
    <property name="maven.multiModuleProjectDirectory" value="C:\Users\arung\eclipse-workspace\thread"/>
    <property name="java.vm.vendor" value="Oracle Corporation"/>
    <property name="java.vendor.url" value="https://java.oracle.com/"/>
    <property name="guice.disable.misplaced.annotation.check" value="true"/>
    <property name="path.separator" value=";"/>
    <property name="java.vm.name" value="Java HotSpot(TM) 64-Bit Server VM"/>
    <property name="sun.os.patch.level" value=""/>
    <property name="user.script" value=""/>
    <property name="user.country" value="CA"/>
    <property name="sun.java.launcher" value="SUN_STANDARD"/>
    <property name="java.vm.specification.name" value="Java Virtual Machine Specification"/>
    <property name="user.dir" value="C:\Users\arung\eclipse-workspace\thread"/>
    <property name="java.vm.compressedOopsMode" value="Zero based"/>
    <property name="java.runtime.version" value="19.0.2+7-44"/>
    <property name="os.arch" value="amd64"/>
    <property name="java.io.tmpdir" value="C:\Users\arung\AppData\Local\Temp\"/>
    <property name="line.separator" value="&#10;"/>
    <property name="java.vm.specification.vendor" value="Oracle Corporation"/>
    <property name="user.variant" value=""/>
    <property name="stderr.encoding" value="Cp1252"/>
    <property name="os.name" value="Windows 11"/>
    <property name="classworlds.conf" value="C:\Users\arung\eclipse-workspace\.metadata\.plugins\org.eclipse.m2e.launching\launches\m2conf5245919447175007734.tmp"/>
    <property name="sun.jnu.encoding" value="Cp1252"/>
    <property name="stdout.encoding" value="Cp1252"/>
    <property name="java.library.path" value="C:\Program Files\Java\jdk-19\bin;C:\WINDOWS\Sun\Java\bin;C:\WINDOWS\system32;C:\WINDOWS;C:\Program Files\Common Files\Oracle\Java\javapath;C:\Python311\Scripts\;C:\Python311\;C:\windows\system32;C:\windows;C:\windows\System32\Wbem;C:\windows\System32\WindowsPowerShell\v1.0\;C:\windows\System32\OpenSSH\;C:\Program Files (x86)\NVIDIA Corporation\PhysX\Common;C:\Program Files\NVIDIA Corporation\NVIDIA NvDLISR;C:\Program Files\nodejs\;C:\ProgramData\chocolatey\bin;C:\Program Files\PuTTY\;C:\HashiCorp\Vagrant\bin;C:\Program Files\Git\cmd;C:\Program Files\Java\jdk1.8.0_211\bin;C:\ProgramData\chocolatey\lib\maven\apache-maven-3.8.7\bin;C:\Program Files\Amazon\AWSCLIV2\;C:\WINDOWS\system32;C:\WINDOWS;C:\WINDOWS\System32\Wbem;C:\WINDOWS\System32\WindowsPowerShell\v1.0\;C:\WINDOWS\System32\OpenSSH\;C:\Users\arung\OneDrive\Desktop;C:\Users\arung\AppData\Local\Microsoft\WindowsApps;;C:\Users\arung\AppData\Local\Programs\Microsoft VS Code\bin;."/>
    <property name="jdk.debug" value="release"/>
    <property name="java.class.version" value="63.0"/>
    <property name="java.specification.name" value="Java Platform API Specification"/>
    <property name="sun.management.compiler" value="HotSpot 64-Bit Tiered Compilers"/>
    <property name="os.version" value="10.0"/>
    <property name="user.home" value="C:\Users\arung"/>
    <property name="user.timezone" value="America/Toronto"/>
    <property name="file.encoding" value="UTF-8"/>
    <property name="java.specification.version" value="19"/>
    <property name="user.name" value="arung"/>
    <property name="java.class.path" value="C:\Users\arung\.p2\pool\plugins\org.eclipse.m2e.maven.runtime_3.8.604.20221130-2149\jars\plexus-classworlds-2.6.0.jar"/>
    <property name="java.vm.specification.version" value="19"/>
    <property name="sun.arch.data.model" value="64"/>
    <property name="sun.java.command" value="org.codehaus.plexus.classworlds.launcher.Launcher -B -Dstyle.color=always test"/>
    <property name="java.home" value="C:\Program Files\Java\jdk-19"/>
    <property name="user.language" value="en"/>
    <property name="java.specification.vendor" value="Oracle Corporation"/>
    <property name="java.vm.info" value="mixed mode, sharing"/>
    <property name="java.version" value="19.0.2"/>
    <property name="native.encoding" value="Cp1252"/>
    <property name="java.vendor" value="Oracle Corporation"/>
    <property name="maven.home" value="C:\Users\arung\eclipse-workspace\thread\EMBEDDED"/>
    <property name="style.color" value="always"/>
    <property name="file.separator" value="\"/>
    <property name="java.version.date" value="2023-01-17"/>
    <property name="java.vendor.url.bug" value="https://bugreport.java.com/bugreport/"/>
    <property name="sun.io.unicode.encoding" value="UnicodeLittle"/>
    <property name="sun.cpu.endian" value="little"/>
    <property name="m2e.build.project.data.socket.port" value="64961"/>
    <property name="sun.cpu.isalist" value="amd64"/>
  </properties>
  <testcase name="testMoveWithNegativeSteps" classname="com.quality.tester.thread.InvalidMoveTest" time="0">
    <failure message="arrays first differed at element [0]; expected:&lt;2&gt; but was:&lt;0&gt;" type="org.junit.internal.ArrayComparisonFailure"><![CDATA[org.junit.internal.ArrayComparisonFailure: arrays first differed at element [0]; expected:<2> but was:<0>
	at org.junit.internal.ComparisonCriteria.arrayEquals(ComparisonCriteria.java:50)
	at org.junit.Assert.internalArrayEquals(Assert.java:473)
	at org.junit.Assert.assertArrayEquals(Assert.java:369)
	at org.junit.Assert.assertArrayEquals(Assert.java:380)
	at com.quality.tester.thread.InvalidMoveTest.testMoveWithNegativeSteps(InvalidMoveTest.java:65)
]]></failure>
  </testcase>
  <testcase name="testMoveZeroSteps" classname="com.quality.tester.thread.InvalidMoveTest" time="0">
    <error message="Cannot load from int array because &quot;robotPosition&quot; is null" type="java.lang.NullPointerException">java.lang.NullPointerException: Cannot load from int array because "robotPosition" is null
	at com.quality.tester.thread.Robot.move(Robot.java:72)
	at com.quality.tester.thread.InvalidMoveTest.testMoveZeroSteps(InvalidMoveTest.java:22)
</error>
  </testcase>
  <testcase name="testMoveWithEmptyCommand" classname="com.quality.tester.thread.InvalidMoveTest" time="0">
    <error message="Index 1 out of bounds for length 1" type="java.lang.ArrayIndexOutOfBoundsException">java.lang.ArrayIndexOutOfBoundsException: Index 1 out of bounds for length 1
	at com.quality.tester.thread.Robot.move(Robot.java:74)
	at com.quality.tester.thread.InvalidMoveTest.testMoveWithEmptyCommand(InvalidMoveTest.java:86)
</error>
  </testcase>
  <testcase name="testMoveOutsideGrid" classname="com.quality.tester.thread.InvalidMoveTest" time="0">
    <error message="Cannot load from int array because &quot;robotPosition&quot; is null" type="java.lang.NullPointerException">java.lang.NullPointerException: Cannot load from int array because "robotPosition" is null
	at com.quality.tester.thread.Robot.move(Robot.java:72)
	at com.quality.tester.thread.InvalidMoveTest.testMoveOutsideGrid(InvalidMoveTest.java:30)
</error>
  </testcase>
  <testcase name="testMoveWithNullPenPosition" classname="com.quality.tester.thread.InvalidMoveTest" time="0.001">
    <error message="Cannot invoke &quot;String.equals(Object)&quot; because &quot;penDirection&quot; is null" type="java.lang.NullPointerException">java.lang.NullPointerException: Cannot invoke "String.equals(Object)" because "penDirection" is null
	at com.quality.tester.thread.Robot.trackRobot(Robot.java:43)
	at com.quality.tester.thread.Robot.move(Robot.java:107)
	at com.quality.tester.thread.InvalidMoveTest.testMoveWithNullPenPosition(InvalidMoveTest.java:52)
</error>
  </testcase>
  <testcase name="testMoveWithInvalidPenPosition" classname="com.quality.tester.thread.InvalidMoveTest" time="0"/>
  <testcase name="testMoveWithNonNumericSteps" classname="com.quality.tester.thread.InvalidMoveTest" time="0">
    <error message="For input string: &quot;ABC&quot;" type="java.lang.NumberFormatException">java.lang.NumberFormatException: For input string: "ABC"
	at java.base/java.lang.NumberFormatException.forInputString(NumberFormatException.java:67)
	at java.base/java.lang.Integer.parseInt(Integer.java:665)
	at java.base/java.lang.Integer.parseInt(Integer.java:781)
	at com.quality.tester.thread.Robot.move(Robot.java:74)
	at com.quality.tester.thread.InvalidMoveTest.testMoveWithNonNumericSteps(InvalidMoveTest.java:75)
</error>
  </testcase>
</testsuite>